<?xml version="1.0" encoding="UTF-8"?>
<testsuite xmlns:xsi="http://www.w3.org/2001/XMLSchema-instance" xsi:noNamespaceSchemaLocation="https://maven.apache.org/surefire/maven-surefire-plugin/xsd/surefire-test-report-3.0.xsd" version="3.0" name="TestSuite" time="1.878" tests="2" errors="0" skipped="0" failures="0">
  <properties>
    <property name="java.specification.version" value="15"/>
    <property name="sun.cpu.isalist" value="amd64"/>
    <property name="sun.jnu.encoding" value="Cp1252"/>
    <property name="java.class.path" value="C:\Users\RAMARAJU\pramaraju96-github\DevOps-Test\target\test-classes;C:\Users\RAMARAJU\pramaraju96-github\DevOps-Test\target\classes;C:\Users\RAMARAJU\.m2\repository\junit\junit\4.13\junit-4.13.jar;C:\Users\RAMARAJU\.m2\repository\org\hamcrest\hamcrest-core\1.3\hamcrest-core-1.3.jar;C:\Users\RAMARAJU\.m2\repository\org\json\json\20180130\json-20180130.jar;C:\Users\RAMARAJU\.m2\repository\org\testng\testng\7.1.0\testng-7.1.0.jar;C:\Users\RAMARAJU\.m2\repository\com\beust\jcommander\1.72\jcommander-1.72.jar;C:\Users\RAMARAJU\.m2\repository\com\google\inject\guice\4.1.0\guice-4.1.0-no_aop.jar;C:\Users\RAMARAJU\.m2\repository\javax\inject\javax.inject\1\javax.inject-1.jar;C:\Users\RAMARAJU\.m2\repository\aopalliance\aopalliance\1.0\aopalliance-1.0.jar;C:\Users\RAMARAJU\.m2\repository\com\google\guava\guava\19.0\guava-19.0.jar;C:\Users\RAMARAJU\.m2\repository\org\yaml\snakeyaml\1.21\snakeyaml-1.21.jar;C:\Users\RAMARAJU\.m2\repository\org\sonarsource\scanner\maven\sonar-maven-plugin\3.9.1.2184\sonar-maven-plugin-3.9.1.2184.jar;C:\Users\RAMARAJU\.m2\repository\org\sonatype\plexus\plexus-sec-dispatcher\1.4\plexus-sec-dispatcher-1.4.jar;C:\Users\RAMARAJU\.m2\repository\org\sonatype\plexus\plexus-cipher\1.4\plexus-cipher-1.4.jar;C:\Users\RAMARAJU\.m2\repository\org\codehaus\plexus\plexus-utils\3.2.1\plexus-utils-3.2.1.jar;C:\Users\RAMARAJU\.m2\repository\org\sonarsource\scanner\api\sonar-scanner-api\2.16.2.588\sonar-scanner-api-2.16.2.588.jar;C:\Users\RAMARAJU\.m2\repository\commons-lang\commons-lang\2.6\commons-lang-2.6.jar;"/>
    <property name="java.vm.vendor" value="Oracle Corporation"/>
    <property name="sun.arch.data.model" value="64"/>
    <property name="user.variant" value=""/>
    <property name="java.vendor.url" value="https://java.oracle.com/"/>
    <property name="user.timezone" value="Asia/Calcutta"/>
    <property name="os.name" value="Windows 10"/>
    <property name="java.vm.specification.version" value="15"/>
    <property name="sun.java.launcher" value="SUN_STANDARD"/>
    <property name="user.country" value="US"/>
    <property name="sun.boot.library.path" value="C:\eclipse\plugins\org.eclipse.justj.openjdk.hotspot.jre.full.win32.x86_64_15.0.2.v20210201-0955\jre\bin"/>
    <property name="sun.java.command" value="C:\Users\RAMARAJU\AppData\Local\Temp\surefire1058872770663470612\surefirebooter-20230527110056232_3.jar C:\Users\RAMARAJU\AppData\Local\Temp\surefire1058872770663470612 2023-05-27T11-00-55_852-jvmRun1 surefire-20230527110056232_1tmp surefire_0-20230527110056232_2tmp"/>
    <property name="jdk.debug" value="release"/>
    <property name="surefire.test.class.path" value="C:\Users\RAMARAJU\pramaraju96-github\DevOps-Test\target\test-classes;C:\Users\RAMARAJU\pramaraju96-github\DevOps-Test\target\classes;C:\Users\RAMARAJU\.m2\repository\junit\junit\4.13\junit-4.13.jar;C:\Users\RAMARAJU\.m2\repository\org\hamcrest\hamcrest-core\1.3\hamcrest-core-1.3.jar;C:\Users\RAMARAJU\.m2\repository\org\json\json\20180130\json-20180130.jar;C:\Users\RAMARAJU\.m2\repository\org\testng\testng\7.1.0\testng-7.1.0.jar;C:\Users\RAMARAJU\.m2\repository\com\beust\jcommander\1.72\jcommander-1.72.jar;C:\Users\RAMARAJU\.m2\repository\com\google\inject\guice\4.1.0\guice-4.1.0-no_aop.jar;C:\Users\RAMARAJU\.m2\repository\javax\inject\javax.inject\1\javax.inject-1.jar;C:\Users\RAMARAJU\.m2\repository\aopalliance\aopalliance\1.0\aopalliance-1.0.jar;C:\Users\RAMARAJU\.m2\repository\com\google\guava\guava\19.0\guava-19.0.jar;C:\Users\RAMARAJU\.m2\repository\org\yaml\snakeyaml\1.21\snakeyaml-1.21.jar;C:\Users\RAMARAJU\.m2\repository\org\sonarsource\scanner\maven\sonar-maven-plugin\3.9.1.2184\sonar-maven-plugin-3.9.1.2184.jar;C:\Users\RAMARAJU\.m2\repository\org\sonatype\plexus\plexus-sec-dispatcher\1.4\plexus-sec-dispatcher-1.4.jar;C:\Users\RAMARAJU\.m2\repository\org\sonatype\plexus\plexus-cipher\1.4\plexus-cipher-1.4.jar;C:\Users\RAMARAJU\.m2\repository\org\codehaus\plexus\plexus-utils\3.2.1\plexus-utils-3.2.1.jar;C:\Users\RAMARAJU\.m2\repository\org\sonarsource\scanner\api\sonar-scanner-api\2.16.2.588\sonar-scanner-api-2.16.2.588.jar;C:\Users\RAMARAJU\.m2\repository\commons-lang\commons-lang\2.6\commons-lang-2.6.jar;"/>
    <property name="sun.cpu.endian" value="little"/>
    <property name="user.home" value="C:\Users\RAMARAJU"/>
    <property name="user.language" value="en"/>
    <property name="java.specification.vendor" value="Oracle Corporation"/>
    <property name="java.version.date" value="2021-01-19"/>
    <property name="java.home" value="C:\eclipse\plugins\org.eclipse.justj.openjdk.hotspot.jre.full.win32.x86_64_15.0.2.v20210201-0955\jre"/>
    <property name="file.separator" value="\"/>
    <property name="basedir" value="C:\Users\RAMARAJU\pramaraju96-github\DevOps-Test"/>
    <property name="java.vm.compressedOopsMode" value="32-bit"/>
    <property name="line.separator" value="&#10;"/>
    <property name="java.vm.specification.vendor" value="Oracle Corporation"/>
    <property name="java.specification.name" value="Java Platform API Specification"/>
    <property name="surefire.real.class.path" value="C:\Users\RAMARAJU\AppData\Local\Temp\surefire1058872770663470612\surefirebooter-20230527110056232_3.jar"/>
    <property name="user.script" value=""/>
    <property name="sun.management.compiler" value="HotSpot 64-Bit Tiered Compilers"/>
    <property name="java.runtime.version" value="15.0.2+7-27"/>
    <property name="user.name" value="RAMARAJU"/>
    <property name="path.separator" value=";"/>
    <property name="os.version" value="10.0"/>
    <property name="java.runtime.name" value="OpenJDK Runtime Environment"/>
    <property name="file.encoding" value="Cp1252"/>
    <property name="java.vm.name" value="OpenJDK 64-Bit Server VM"/>
    <property name="localRepository" value="C:\Users\RAMARAJU\.m2\repository"/>
    <property name="java.vendor.url.bug" value="https://bugreport.java.com/bugreport/"/>
    <property name="java.io.tmpdir" value="C:\Users\RAMARAJU\AppData\Local\Temp\"/>
    <property name="java.version" value="15.0.2"/>
    <property name="user.dir" value="C:\Users\RAMARAJU\pramaraju96-github\DevOps-Test"/>
    <property name="os.arch" value="amd64"/>
    <property name="java.vm.specification.name" value="Java Virtual Machine Specification"/>
    <property name="sun.os.patch.level" value=""/>
    <property name="java.library.path" value="C:\eclipse\plugins\org.eclipse.justj.openjdk.hotspot.jre.full.win32.x86_64_15.0.2.v20210201-0955\jre\bin;C:\WINDOWS\Sun\Java\bin;C:\WINDOWS\system32;C:\WINDOWS;C:/eclipse//plugins/org.eclipse.justj.openjdk.hotspot.jre.full.win32.x86_64_15.0.2.v20210201-0955/jre/bin/server;C:/eclipse//plugins/org.eclipse.justj.openjdk.hotspot.jre.full.win32.x86_64_15.0.2.v20210201-0955/jre/bin;C:\Program Files\Common Files\Oracle\Java\javapath;C:\Program Files (x86)\Common Files\Oracle\Java\javapath;C:\WINDOWS\system32;C:\WINDOWS;C:\WINDOWS\System32\Wbem;C:\WINDOWS\System32\WindowsPowerShell\v1.0\;C:\WINDOWS\System32\OpenSSH\;C:\Program Files\Git\cmd;C:\apache-maven-3.9.2\bin;C:\Program Files\Java\jdk-11\bin;C:\Users\RAMARAJU\AppData\Local\Microsoft\WindowsApps;C:\Users\RAMARAJU\AppData\Local\Programs\Microsoft VS Code\bin;C:\apache-maven-3.9.2\bin;;C:\eclipse;;."/>
    <property name="java.vm.info" value="mixed mode"/>
    <property name="java.vendor" value="Oracle Corporation"/>
    <property name="java.vm.version" value="15.0.2+7-27"/>
    <property name="sun.io.unicode.encoding" value="UnicodeLittle"/>
    <property name="java.class.version" value="59.0"/>
  </properties>
  <testcase name="test2" classname="com.test.secondTest" time="0.169">
    <system-out><![CDATA[Test summary #0
Test summary #1
Test summary #2
Test summary #3
Test summary #4
Test summary #5
Test summary #6
Test summary #7
Test summary #8
Test summary #9
Test summary #10
Test summary #11
Test summary #12
Test summary #13
Test summary #14
Test summary #15
Test summary #16
Test summary #17
Test summary #18
Test summary #19
Test summary #20
Test summary #21
Test summary #22
Test summary #23
Test summary #24
Test summary #25
Test summary #26
Test summary #27
Test summary #28
Test summary #29
Test summary #30
Test summary #31
Test summary #32
Test summary #33
Test summary #34
Test summary #35
Test summary #36
Test summary #37
Test summary #38
Test summary #39
Test summary #40
Test summary #41
Test summary #42
Test summary #43
Test summary #44
Test summary #45
Test summary #46
Test summary #47
Test summary #48
Test summary #49
Test summary #50
Test summary #51
Test summary #52
Test summary #53
Test summary #54
Test summary #55
Test summary #56
Test summary #57
Test summary #58
Test summary #59
Test summary #60
Test summary #61
Test summary #62
Test summary #63
Test summary #64
Test summary #65
Test summary #66
Test summary #67
Test summary #68
Test summary #69
Test summary #70
Test summary #71
Test summary #72
Test summary #73
Test summary #74
Test summary #75
Test summary #76
Test summary #77
Test summary #78
Test summary #79
Test summary #80
Test summary #81
Test summary #82
Test summary #83
Test summary #84
Test summary #85
Test summary #86
Test summary #87
Test summary #88
Test summary #89
Test summary #90
Test summary #91
Test summary #92
Test summary #93
Test summary #94
Test summary #95
Test summary #96
Test summary #97
Test summary #98
Test summary #99
Test summary #100
Test summary #101
Test summary #102
Test summary #103
Test summary #104
Test summary #105
Test summary #106
Test summary #107
Test summary #108
Test summary #109
Test summary #110
Test summary #111
Test summary #112
Test summary #113
Test summary #114
Test summary #115
Test summary #116
Test summary #117
Test summary #118
Test summary #119
Test summary #120
Test summary #121
Test summary #122
Test summary #123
Test summary #124
Test summary #125
Test summary #126
Test summary #127
Test summary #128
Test summary #129
Test summary #130
Test summary #131
Test summary #132
Test summary #133
Test summary #134
Test summary #135
Test summary #136
Test summary #137
Test summary #138
Test summary #139
Test summary #140
Test summary #141
Test summary #142
Test summary #143
Test summary #144
Test summary #145
Test summary #146
Test summary #147
Test summary #148
Test summary #149
Test summary #150
Test summary #151
Test summary #152
Test summary #153
Test summary #154
Test summary #155
Test summary #156
Test summary #157
Test summary #158
Test summary #159
Test summary #160
Test summary #161
Test summary #162
Test summary #163
Test summary #164
Test summary #165
Test summary #166
Test summary #167
Test summary #168
Test summary #169
Test summary #170
Test summary #171
Test summary #172
Test summary #173
Test summary #174
Test summary #175
Test summary #176
Test summary #177
Test summary #178
Test summary #179
Test summary #180
Test summary #181
Test summary #182
Test summary #183
Test summary #184
Test summary #185
Test summary #186
Test summary #187
Test summary #188
Test summary #189
Test summary #190
Test summary #191
Test summary #192
Test summary #193
Test summary #194
Test summary #195
Test summary #196
Test summary #197
Test summary #198
Test summary #199
]]></system-out>
  </testcase>
  <testcase name="testAdd" classname="com.test.secondTest" time="0.005"/>
</testsuite>